--- query 01 (count)
SELECT COUNT(*) FROM data
1000000  

--- query 02 (count, where)
SELECT COUNT(*) FROM data WHERE weekDay <= 5 AND source >= 50 AND source <= 75 AND destination >= 25 AND destination <= 30
11262  

--- query 03 (count, where, in)
SELECT COUNT(*) FROM data WHERE ticketType IN ('W','M','Y') AND source >= 25 AND source <= 50 AND destination >= 50 AND destination <= 75 AND isOffPeak = 'true'
20414  

--- query 04 (count, where, not in)
SELECT COUNT(*) FROM data WHERE ticketType NOT IN ('M','Y') AND source >= 5 AND source <= 20 AND destination >= 5 AND destination <= 20 AND isOffPeak = 'false'
7457  

--- query 05 (sum, where, in)
SELECT SUM(numberOfRegisteredChildren) FROM data WHERE ticketType = 'Y' AND source IN (1,2,3,20,30) AND destination >= 5 AND destination <= 10 AND isOffPeak = 'true'
507  

--- query 06 (avg, where, not in)
SELECT AVG(numberOfRegisteredChildren) FROM data WHERE ticketType = 'Y' AND source IN (1,2,3,20,30) AND destination NOT IN (5,10,15,20) AND isOffPeak = 'false'
1  

--- query 07 (id, where, in, order by desc limit)
SELECT id FROM data WHERE weekDay IN (1,2) AND ticketType = 'S' AND source = 10 AND destination <= 50 ORDER BY destination DESC LIMIT 3
944862  
473082  
310512  

--- query 08 (id, where, in, order by desc, order by asc)
SELECT id FROM data WHERE weekDay = 7 AND ticketType = 'S' AND source IN (1,3) AND destination IN (1,3,5) AND isOffPeak = 'true' ORDER BY source DESC,destination
247211  
69257  
100591  
252510  
717855  

--- query 09 (count, group by)
SELECT isOffPeak,COUNT(*) FROM data GROUP BY isOffPeak
false 499643  
true 500357  

--- query 10 (count, where, group by)
SELECT ticketType,COUNT(*) FROM data WHERE weekDay <= 5 AND source >= 5 AND source <= 20 AND destination >= 5 AND destination <= 20 GROUP BY ticketType
W 3454  
D 3519  
S 3540  
Y 3406  
M 3517  

--- query 11 (count, where, in, group by)
SELECT weekDay,COUNT(*) FROM data WHERE source = 3 AND destination IN (1,3,5) AND isOffPeak = 'true' GROUP BY weekDay
5 15  
7 14  
6 12  
3 12  
1 14  
4 15  
2 23  

--- query 12 (count, where, not in, group by)
SELECT destination,COUNT(*) FROM data WHERE weekDay NOT IN (1,5,6,7) AND ticketType = 'Y' AND source = 15 AND destination >= 20 AND destination <= 25 AND isOffPeak = 'true' GROUP BY destination
21 2  
25 3  
22 6  
24 1  
20 5  
23 2  

--- query 13 (sum, where, not in, in, group by)
SELECT ticketType,SUM(numberOfRegisteredChildren) FROM data WHERE weekDay NOT IN (1,5,6,7) AND ticketType IN ('W','M') AND source = 5 AND destination >= 5 AND destination <= 10 AND isOffPeak = 'false' GROUP BY ticketType
W 24  
M 36  

--- query 14 (avg, where, in, in, group by)
SELECT ticketType,AVG(numberOfRegisteredChildren) FROM data WHERE weekDay = 7 AND source IN (1,5,10,15,90,95,100) AND destination IN (1,5,10,15,20,25) GROUP BY ticketType
M 1  
D 1  
Y 1  
W 1  
S 1  

